\BOOKMARK [1][-]{section.1}{Introduction}{}% 1
\BOOKMARK [2][-]{subsection.1.1}{Background}{section.1}% 2
\BOOKMARK [2][-]{subsection.1.2}{Glossary}{section.1}% 3
\BOOKMARK [2][-]{subsection.1.3}{Stakeholders}{section.1}% 4
\BOOKMARK [2][-]{subsection.1.4}{Project definition}{section.1}% 5
\BOOKMARK [1][-]{section.2}{The ferryman}{}% 6
\BOOKMARK [1][-]{section.3}{Features}{}% 7
\BOOKMARK [2][-]{subsection.3.1}{Client and server}{section.3}% 8
\BOOKMARK [2][-]{subsection.3.2}{Nodes and relations}{section.3}% 9
\BOOKMARK [2][-]{subsection.3.3}{Node placement}{section.3}% 10
\BOOKMARK [2][-]{subsection.3.4}{Commands}{section.3}% 11
\BOOKMARK [2][-]{subsection.3.5}{Log}{section.3}% 12
\BOOKMARK [2][-]{subsection.3.6}{The GridBuilder class}{section.3}% 13
\BOOKMARK [1][-]{section.4}{Design and implementation}{}% 14
\BOOKMARK [2][-]{subsection.4.1}{Package structure}{section.4}% 15
\BOOKMARK [2][-]{subsection.4.2}{General work-flow}{section.4}% 16
\BOOKMARK [2][-]{subsection.4.3}{Detailed work-flow}{section.4}% 17
\BOOKMARK [2][-]{subsection.4.4}{Interface design}{section.4}% 18
\BOOKMARK [2][-]{subsection.4.5}{Implemented design patterns}{section.4}% 19
\BOOKMARK [2][-]{subsection.4.6}{Internal representation of visual node properties}{section.4}% 20
\BOOKMARK [2][-]{subsection.4.7}{Internal representation of states and state-transitions}{section.4}% 21
\BOOKMARK [2][-]{subsection.4.8}{Interchange formats}{section.4}% 22
\BOOKMARK [1][-]{section.5}{Validation}{}% 23
\BOOKMARK [1][-]{section.6}{Discussion}{}% 24
\BOOKMARK [1][-]{appendix.A}{Service extension instructions}{}% 25
\BOOKMARK [2][-]{subsection.A.1}{ModelInitializer}{appendix.A}% 26
\BOOKMARK [2][-]{subsection.A.2}{TraceSelector}{appendix.A}% 27
\BOOKMARK [2][-]{subsection.A.3}{FxWrapper}{appendix.A}% 28
\BOOKMARK [2][-]{subsection.A.4}{FxPropertyWrapper}{appendix.A}% 29
\BOOKMARK [2][-]{subsection.A.5}{Placement}{appendix.A}% 30
\BOOKMARK [2][-]{subsection.A.6}{Command}{appendix.A}% 31
\BOOKMARK [2][-]{subsection.A.7}{CommandHandler}{appendix.A}% 32
\BOOKMARK [2][-]{subsection.A.8}{CommandLineOptionHandler}{appendix.A}% 33
\BOOKMARK [2][-]{subsection.A.9}{Log}{appendix.A}% 34
\BOOKMARK [1][-]{appendix.B}{Sequence diagrams}{}% 35
