This is pdfTeX, Version 3.1415926-2.5-1.40.14 (MiKTeX 2.9 64-bit) (preloaded format=pdflatex 2015.6.10)  13 AUG 2015 21:46
entering extended mode
**main.tex
(C:\Users\Karim\Dropbox\BO\workspace\GreenMirror\report\main.tex
LaTeX2e <2011/06/27>
Babel <v3.8m> and hyphenation patterns for english, afrikaans, ancientgreek, ar
abic, armenian, assamese, basque, bengali, bokmal, bulgarian, catalan, coptic, 
croatian, czech, danish, dutch, esperanto, estonian, farsi, finnish, french, ga
lician, german, german-x-2013-05-26, greek, gujarati, hindi, hungarian, iceland
ic, indonesian, interlingua, irish, italian, kannada, kurmanji, latin, latvian,
 lithuanian, malayalam, marathi, mongolian, mongolianlmc, monogreek, ngerman, n
german-x-2013-05-26, nynorsk, oriya, panjabi, pinyin, polish, portuguese, roman
ian, russian, sanskrit, serbian, slovak, slovenian, spanish, swedish, swissgerm
an, tamil, telugu, turkish, turkmen, ukenglish, ukrainian, uppersorbian, usengl
ishmax, welsh, loaded.
("C:\Program Files\MiKTeX 2.9\tex\latex\base\article.cls"
Document Class: article 2007/10/19 v1.4h Standard LaTeX document class
("C:\Program Files\MiKTeX 2.9\tex\latex\base\size10.clo"
File: size10.clo 2007/10/19 v1.4h Standard LaTeX file (size option)
)
\c@part=\count79
\c@section=\count80
\c@subsection=\count81
\c@subsubsection=\count82
\c@paragraph=\count83
\c@subparagraph=\count84
\c@figure=\count85
\c@table=\count86
\abovecaptionskip=\skip41
\belowcaptionskip=\skip42
\bibindent=\dimen102
)
("C:\Program Files\MiKTeX 2.9\tex\generic\babel\babel.sty"
Package: babel 2008/07/08 v3.8m The Babel package

*************************************
* Local config file bblopts.cfg used
*
("C:\Program Files\MiKTeX 2.9\tex\latex\00miktex\bblopts.cfg"
File: bblopts.cfg 2006/07/31 v1.0 MiKTeX 'babel' configuration
)
("C:\Program Files\MiKTeX 2.9\tex\generic\babel\english.ldf"
Language: english 2005/03/30 v3.3o English support from the babel system

("C:\Program Files\MiKTeX 2.9\tex\generic\babel\babel.def"
File: babel.def 2008/07/08 v3.8m Babel common definitions
\babel@savecnt=\count87
\U@D=\dimen103
)
\l@canadian = a dialect from \language\l@american 
\l@australian = a dialect from \language\l@british 
\l@newzealand = a dialect from \language\l@british 
))
("C:\Program Files\MiKTeX 2.9\tex\latex\base\inputenc.sty"
Package: inputenc 2008/03/30 v1.1d Input encoding file
\inpenc@prehook=\toks14
\inpenc@posthook=\toks15

("C:\Program Files\MiKTeX 2.9\tex\latex\base\utf8.def"
File: utf8.def 2008/04/05 v1.1m UTF-8 support for inputenc
Now handling font encoding OML ...
... no UTF-8 mapping file for font encoding OML
Now handling font encoding T1 ...
... processing UTF-8 mapping file for font encoding T1

("C:\Program Files\MiKTeX 2.9\tex\latex\base\t1enc.dfu"
File: t1enc.dfu 2008/04/05 v1.1m UTF-8 support for inputenc
   defining Unicode char U+00A1 (decimal 161)
   defining Unicode char U+00A3 (decimal 163)
   defining Unicode char U+00AB (decimal 171)
   defining Unicode char U+00BB (decimal 187)
   defining Unicode char U+00BF (decimal 191)
   defining Unicode char U+00C0 (decimal 192)
   defining Unicode char U+00C1 (decimal 193)
   defining Unicode char U+00C2 (decimal 194)
   defining Unicode char U+00C3 (decimal 195)
   defining Unicode char U+00C4 (decimal 196)
   defining Unicode char U+00C5 (decimal 197)
   defining Unicode char U+00C6 (decimal 198)
   defining Unicode char U+00C7 (decimal 199)
   defining Unicode char U+00C8 (decimal 200)
   defining Unicode char U+00C9 (decimal 201)
   defining Unicode char U+00CA (decimal 202)
   defining Unicode char U+00CB (decimal 203)
   defining Unicode char U+00CC (decimal 204)
   defining Unicode char U+00CD (decimal 205)
   defining Unicode char U+00CE (decimal 206)
   defining Unicode char U+00CF (decimal 207)
   defining Unicode char U+00D0 (decimal 208)
   defining Unicode char U+00D1 (decimal 209)
   defining Unicode char U+00D2 (decimal 210)
   defining Unicode char U+00D3 (decimal 211)
   defining Unicode char U+00D4 (decimal 212)
   defining Unicode char U+00D5 (decimal 213)
   defining Unicode char U+00D6 (decimal 214)
   defining Unicode char U+00D8 (decimal 216)
   defining Unicode char U+00D9 (decimal 217)
   defining Unicode char U+00DA (decimal 218)
   defining Unicode char U+00DB (decimal 219)
   defining Unicode char U+00DC (decimal 220)
   defining Unicode char U+00DD (decimal 221)
   defining Unicode char U+00DE (decimal 222)
   defining Unicode char U+00DF (decimal 223)
   defining Unicode char U+00E0 (decimal 224)
   defining Unicode char U+00E1 (decimal 225)
   defining Unicode char U+00E2 (decimal 226)
   defining Unicode char U+00E3 (decimal 227)
   defining Unicode char U+00E4 (decimal 228)
   defining Unicode char U+00E5 (decimal 229)
   defining Unicode char U+00E6 (decimal 230)
   defining Unicode char U+00E7 (decimal 231)
   defining Unicode char U+00E8 (decimal 232)
   defining Unicode char U+00E9 (decimal 233)
   defining Unicode char U+00EA (decimal 234)
   defining Unicode char U+00EB (decimal 235)
   defining Unicode char U+00EC (decimal 236)
   defining Unicode char U+00ED (decimal 237)
   defining Unicode char U+00EE (decimal 238)
   defining Unicode char U+00EF (decimal 239)
   defining Unicode char U+00F0 (decimal 240)
   defining Unicode char U+00F1 (decimal 241)
   defining Unicode char U+00F2 (decimal 242)
   defining Unicode char U+00F3 (decimal 243)
   defining Unicode char U+00F4 (decimal 244)
   defining Unicode char U+00F5 (decimal 245)
   defining Unicode char U+00F6 (decimal 246)
   defining Unicode char U+00F8 (decimal 248)
   defining Unicode char U+00F9 (decimal 249)
   defining Unicode char U+00FA (decimal 250)
   defining Unicode char U+00FB (decimal 251)
   defining Unicode char U+00FC (decimal 252)
   defining Unicode char U+00FD (decimal 253)
   defining Unicode char U+00FE (decimal 254)
   defining Unicode char U+00FF (decimal 255)
   defining Unicode char U+0102 (decimal 258)
   defining Unicode char U+0103 (decimal 259)
   defining Unicode char U+0104 (decimal 260)
   defining Unicode char U+0105 (decimal 261)
   defining Unicode char U+0106 (decimal 262)
   defining Unicode char U+0107 (decimal 263)
   defining Unicode char U+010C (decimal 268)
   defining Unicode char U+010D (decimal 269)
   defining Unicode char U+010E (decimal 270)
   defining Unicode char U+010F (decimal 271)
   defining Unicode char U+0110 (decimal 272)
   defining Unicode char U+0111 (decimal 273)
   defining Unicode char U+0118 (decimal 280)
   defining Unicode char U+0119 (decimal 281)
   defining Unicode char U+011A (decimal 282)
   defining Unicode char U+011B (decimal 283)
   defining Unicode char U+011E (decimal 286)
   defining Unicode char U+011F (decimal 287)
   defining Unicode char U+0130 (decimal 304)
   defining Unicode char U+0131 (decimal 305)
   defining Unicode char U+0132 (decimal 306)
   defining Unicode char U+0133 (decimal 307)
   defining Unicode char U+0139 (decimal 313)
   defining Unicode char U+013A (decimal 314)
   defining Unicode char U+013D (decimal 317)
   defining Unicode char U+013E (decimal 318)
   defining Unicode char U+0141 (decimal 321)
   defining Unicode char U+0142 (decimal 322)
   defining Unicode char U+0143 (decimal 323)
   defining Unicode char U+0144 (decimal 324)
   defining Unicode char U+0147 (decimal 327)
   defining Unicode char U+0148 (decimal 328)
   defining Unicode char U+014A (decimal 330)
   defining Unicode char U+014B (decimal 331)
   defining Unicode char U+0150 (decimal 336)
   defining Unicode char U+0151 (decimal 337)
   defining Unicode char U+0152 (decimal 338)
   defining Unicode char U+0153 (decimal 339)
   defining Unicode char U+0154 (decimal 340)
   defining Unicode char U+0155 (decimal 341)
   defining Unicode char U+0158 (decimal 344)
   defining Unicode char U+0159 (decimal 345)
   defining Unicode char U+015A (decimal 346)
   defining Unicode char U+015B (decimal 347)
   defining Unicode char U+015E (decimal 350)
   defining Unicode char U+015F (decimal 351)
   defining Unicode char U+0160 (decimal 352)
   defining Unicode char U+0161 (decimal 353)
   defining Unicode char U+0162 (decimal 354)
   defining Unicode char U+0163 (decimal 355)
   defining Unicode char U+0164 (decimal 356)
   defining Unicode char U+0165 (decimal 357)
   defining Unicode char U+016E (decimal 366)
   defining Unicode char U+016F (decimal 367)
   defining Unicode char U+0170 (decimal 368)
   defining Unicode char U+0171 (decimal 369)
   defining Unicode char U+0178 (decimal 376)
   defining Unicode char U+0179 (decimal 377)
   defining Unicode char U+017A (decimal 378)
   defining Unicode char U+017B (decimal 379)
   defining Unicode char U+017C (decimal 380)
   defining Unicode char U+017D (decimal 381)
   defining Unicode char U+017E (decimal 382)
   defining Unicode char U+200C (decimal 8204)
   defining Unicode char U+2013 (decimal 8211)
   defining Unicode char U+2014 (decimal 8212)
   defining Unicode char U+2018 (decimal 8216)
   defining Unicode char U+2019 (decimal 8217)
   defining Unicode char U+201A (decimal 8218)
   defining Unicode char U+201C (decimal 8220)
   defining Unicode char U+201D (decimal 8221)
   defining Unicode char U+201E (decimal 8222)
   defining Unicode char U+2030 (decimal 8240)
   defining Unicode char U+2031 (decimal 8241)
   defining Unicode char U+2039 (decimal 8249)
   defining Unicode char U+203A (decimal 8250)
   defining Unicode char U+2423 (decimal 9251)
)
Now handling font encoding OT1 ...
... processing UTF-8 mapping file for font encoding OT1

("C:\Program Files\MiKTeX 2.9\tex\latex\base\ot1enc.dfu"
File: ot1enc.dfu 2008/04/05 v1.1m UTF-8 support for inputenc
   defining Unicode char U+00A1 (decimal 161)
   defining Unicode char U+00A3 (decimal 163)
   defining Unicode char U+00B8 (decimal 184)
   defining Unicode char U+00BF (decimal 191)
   defining Unicode char U+00C5 (decimal 197)
   defining Unicode char U+00C6 (decimal 198)
   defining Unicode char U+00D8 (decimal 216)
   defining Unicode char U+00DF (decimal 223)
   defining Unicode char U+00E6 (decimal 230)
   defining Unicode char U+00EC (decimal 236)
   defining Unicode char U+00ED (decimal 237)
   defining Unicode char U+00EE (decimal 238)
   defining Unicode char U+00EF (decimal 239)
   defining Unicode char U+00F8 (decimal 248)
   defining Unicode char U+0131 (decimal 305)
   defining Unicode char U+0141 (decimal 321)
   defining Unicode char U+0142 (decimal 322)
   defining Unicode char U+0152 (decimal 338)
   defining Unicode char U+0153 (decimal 339)
   defining Unicode char U+2013 (decimal 8211)
   defining Unicode char U+2014 (decimal 8212)
   defining Unicode char U+2018 (decimal 8216)
   defining Unicode char U+2019 (decimal 8217)
   defining Unicode char U+201C (decimal 8220)
   defining Unicode char U+201D (decimal 8221)
)
Now handling font encoding OMS ...
... processing UTF-8 mapping file for font encoding OMS

("C:\Program Files\MiKTeX 2.9\tex\latex\base\omsenc.dfu"
File: omsenc.dfu 2008/04/05 v1.1m UTF-8 support for inputenc
   defining Unicode char U+00A7 (decimal 167)
   defining Unicode char U+00B6 (decimal 182)
   defining Unicode char U+00B7 (decimal 183)
   defining Unicode char U+2020 (decimal 8224)
   defining Unicode char U+2021 (decimal 8225)
   defining Unicode char U+2022 (decimal 8226)
)
Now handling font encoding OMX ...
... no UTF-8 mapping file for font encoding OMX
Now handling font encoding U ...
... no UTF-8 mapping file for font encoding U
   defining Unicode char U+00A9 (decimal 169)
   defining Unicode char U+00AA (decimal 170)
   defining Unicode char U+00AE (decimal 174)
   defining Unicode char U+00BA (decimal 186)
   defining Unicode char U+02C6 (decimal 710)
   defining Unicode char U+02DC (decimal 732)
   defining Unicode char U+200C (decimal 8204)
   defining Unicode char U+2026 (decimal 8230)
   defining Unicode char U+2122 (decimal 8482)
   defining Unicode char U+2423 (decimal 9251)
))
("C:\Program Files\MiKTeX 2.9\tex\latex\url\url.sty"
\Urlmuskip=\muskip10
Package: url 2013/09/16  ver 3.4  Verb mode for urls, etc.
)
("C:\Program Files\MiKTeX 2.9\tex\latex\amsmath\amsmath.sty"
Package: amsmath 2013/01/14 v2.14 AMS math features
\@mathmargin=\skip43

For additional information on amsmath, use the `?' option.
("C:\Program Files\MiKTeX 2.9\tex\latex\amsmath\amstext.sty"
Package: amstext 2000/06/29 v2.01

("C:\Program Files\MiKTeX 2.9\tex\latex\amsmath\amsgen.sty"
File: amsgen.sty 1999/11/30 v2.0
\@emptytoks=\toks16
\ex@=\dimen104
))
("C:\Program Files\MiKTeX 2.9\tex\latex\amsmath\amsbsy.sty"
Package: amsbsy 1999/11/29 v1.2d
\pmbraise@=\dimen105
)
("C:\Program Files\MiKTeX 2.9\tex\latex\amsmath\amsopn.sty"
Package: amsopn 1999/12/14 v2.01 operator names
)
\inf@bad=\count88
LaTeX Info: Redefining \frac on input line 210.
\uproot@=\count89
\leftroot@=\count90
LaTeX Info: Redefining \overline on input line 306.
\classnum@=\count91
\DOTSCASE@=\count92
LaTeX Info: Redefining \ldots on input line 378.
LaTeX Info: Redefining \dots on input line 381.
LaTeX Info: Redefining \cdots on input line 466.
\Mathstrutbox@=\box26
\strutbox@=\box27
\big@size=\dimen106
LaTeX Font Info:    Redeclaring font encoding OML on input line 566.
LaTeX Font Info:    Redeclaring font encoding OMS on input line 567.
\macc@depth=\count93
\c@MaxMatrixCols=\count94
\dotsspace@=\muskip11
\c@parentequation=\count95
\dspbrk@lvl=\count96
\tag@help=\toks17
\row@=\count97
\column@=\count98
\maxfields@=\count99
\andhelp@=\toks18
\eqnshift@=\dimen107
\alignsep@=\dimen108
\tagshift@=\dimen109
\tagwidth@=\dimen110
\totwidth@=\dimen111
\lineht@=\dimen112
\@envbody=\toks19
\multlinegap=\skip44
\multlinetaggap=\skip45
\mathdisplay@stack=\toks20
LaTeX Info: Redefining \[ on input line 2665.
LaTeX Info: Redefining \] on input line 2666.
)
("C:\Program Files\MiKTeX 2.9\tex\latex\graphics\graphicx.sty"
Package: graphicx 1999/02/16 v1.0f Enhanced LaTeX Graphics (DPC,SPQR)

("C:\Program Files\MiKTeX 2.9\tex\latex\graphics\keyval.sty"
Package: keyval 1999/03/16 v1.13 key=value parser (DPC)
\KV@toks@=\toks21
)
("C:\Program Files\MiKTeX 2.9\tex\latex\graphics\graphics.sty"
Package: graphics 2009/02/05 v1.0o Standard LaTeX Graphics (DPC,SPQR)

("C:\Program Files\MiKTeX 2.9\tex\latex\graphics\trig.sty"
Package: trig 1999/03/16 v1.09 sin cos tan (DPC)
)
("C:\Program Files\MiKTeX 2.9\tex\latex\00miktex\graphics.cfg"
File: graphics.cfg 2007/01/18 v1.5 graphics configuration of teTeX/TeXLive
)
Package graphics Info: Driver file: pdftex.def on input line 91.

("C:\Program Files\MiKTeX 2.9\tex\latex\pdftex-def\pdftex.def"
File: pdftex.def 2011/05/27 v0.06d Graphics/color for pdfTeX

("C:\Program Files\MiKTeX 2.9\tex\generic\oberdiek\infwarerr.sty"
Package: infwarerr 2010/04/08 v1.3 Providing info/warning/error messages (HO)
)
("C:\Program Files\MiKTeX 2.9\tex\generic\oberdiek\ltxcmds.sty"
Package: ltxcmds 2011/11/09 v1.22 LaTeX kernel commands for general use (HO)
)
\Gread@gobject=\count100
))
\Gin@req@height=\dimen113
\Gin@req@width=\dimen114
)
("C:\Program Files\MiKTeX 2.9\tex\latex\float\float.sty"
Package: float 2001/11/08 v1.3d Float enhancements (AL)
\c@float@type=\count101
\float@exts=\toks22
\float@box=\box28
\@float@everytoks=\toks23
\@floatcapt=\box29
)
("C:\Program Files\MiKTeX 2.9\tex\latex\wrapfig\wrapfig.sty"
\wrapoverhang=\dimen115
\WF@size=\dimen116
\c@WF@wrappedlines=\count102
\WF@box=\box30
\WF@everypar=\toks24
Package: wrapfig 2003/01/31  v 3.6
)
("C:\Program Files\MiKTeX 2.9\tex\latex\caption\caption.sty"
Package: caption 2013/05/02 v3.3-89 Customizing captions (AR)

("C:\Program Files\MiKTeX 2.9\tex\latex\caption\caption3.sty"
Package: caption3 2013/05/02 v1.6-88 caption3 kernel (AR)
Package caption3 Info: TeX engine: e-TeX on input line 57.
\captionmargin=\dimen117
\captionmargin@=\dimen118
\captionwidth=\dimen119
\caption@tempdima=\dimen120
\caption@indent=\dimen121
\caption@parindent=\dimen122
\caption@hangindent=\dimen123
)
\c@ContinuedFloat=\count103
Package caption Info: float package is loaded.
Package caption Info: wrapfig package is loaded.
)
("C:\Program Files\MiKTeX 2.9\tex\latex\caption\subcaption.sty"
Package: subcaption 2013/02/03 v1.1-62 Sub-captions (AR)
\c@subfigure=\count104
\c@subtable=\count105
)
("C:\Program Files\MiKTeX 2.9\tex\latex\todonotes\todonotes.sty"
Package: todonotes 2012/07/25 .dtx Todonotes source and documentation.
Package: todonotes 2012/07/25

("C:\Program Files\MiKTeX 2.9\tex\latex\base\ifthen.sty"
Package: ifthen 2001/05/26 v1.1c Standard LaTeX ifthen package (DPC)
)
("C:\Program Files\MiKTeX 2.9\tex\latex\xkeyval\xkeyval.sty"
Package: xkeyval 2012/10/14 v2.6b package option processing (HA)

("C:\Program Files\MiKTeX 2.9\tex\generic\xkeyval\xkeyval.tex"
\XKV@toks=\toks25
\XKV@tempa@toks=\toks26
\XKV@depth=\count106
File: xkeyval.tex 2012/10/14 v2.6b key=value parser (HA)
))
("C:\Program Files\MiKTeX 2.9\tex\latex\xcolor\xcolor.sty"
Package: xcolor 2007/01/21 v2.11 LaTeX color extensions (UK)

("C:\Program Files\MiKTeX 2.9\tex\latex\00miktex\color.cfg"
File: color.cfg 2007/01/18 v1.5 color configuration of teTeX/TeXLive
)
Package xcolor Info: Driver file: pdftex.def on input line 225.
Package xcolor Info: Model `cmy' substituted by `cmy0' on input line 1337.
Package xcolor Info: Model `hsb' substituted by `rgb' on input line 1341.
Package xcolor Info: Model `RGB' extended on input line 1353.
Package xcolor Info: Model `HTML' substituted by `rgb' on input line 1355.
Package xcolor Info: Model `Hsb' substituted by `hsb' on input line 1356.
Package xcolor Info: Model `tHsb' substituted by `hsb' on input line 1357.
Package xcolor Info: Model `HSB' substituted by `hsb' on input line 1358.
Package xcolor Info: Model `Gray' substituted by `gray' on input line 1359.
Package xcolor Info: Model `wave' substituted by `hsb' on input line 1360.
)
("C:\Program Files\MiKTeX 2.9\tex\latex\pgf\frontendlayer\tikz.sty"
("C:\Program Files\MiKTeX 2.9\tex\latex\pgf\basiclayer\pgf.sty"
("C:\Program Files\MiKTeX 2.9\tex\latex\pgf\utilities\pgfrcs.sty"
("C:\Program Files\MiKTeX 2.9\tex\generic\pgf\utilities\pgfutil-common.tex"
\pgfutil@everybye=\toks27
\pgfutil@tempdima=\dimen124
\pgfutil@tempdimb=\dimen125

("C:\Program Files\MiKTeX 2.9\tex\generic\pgf\utilities\pgfutil-common-lists.te
x")) ("C:\Program Files\MiKTeX 2.9\tex\generic\pgf\utilities\pgfutil-latex.def"
\pgfutil@abb=\box31
("C:\Program Files\MiKTeX 2.9\tex\latex\ms\everyshi.sty"
Package: everyshi 2001/05/15 v3.00 EveryShipout Package (MS)
))
("C:\Program Files\MiKTeX 2.9\tex\generic\pgf\utilities\pgfrcs.code.tex"
Package: pgfrcs 2013/12/20 v3.0.0 (rcs-revision 1.28)
))
Package: pgf 2013/12/18 v3.0.0 (rcs-revision 1.14)

("C:\Program Files\MiKTeX 2.9\tex\latex\pgf\basiclayer\pgfcore.sty"
("C:\Program Files\MiKTeX 2.9\tex\latex\pgf\systemlayer\pgfsys.sty"
("C:\Program Files\MiKTeX 2.9\tex\generic\pgf\systemlayer\pgfsys.code.tex"
Package: pgfsys 2013/11/30 v3.0.0 (rcs-revision 1.47)

("C:\Program Files\MiKTeX 2.9\tex\generic\pgf\utilities\pgfkeys.code.tex"
\pgfkeys@pathtoks=\toks28
\pgfkeys@temptoks=\toks29

("C:\Program Files\MiKTeX 2.9\tex\generic\pgf\utilities\pgfkeysfiltered.code.te
x"
\pgfkeys@tmptoks=\toks30
))
\pgf@x=\dimen126
\pgf@y=\dimen127
\pgf@xa=\dimen128
\pgf@ya=\dimen129
\pgf@xb=\dimen130
\pgf@yb=\dimen131
\pgf@xc=\dimen132
\pgf@yc=\dimen133
\w@pgf@writea=\write3
\r@pgf@reada=\read1
\c@pgf@counta=\count107
\c@pgf@countb=\count108
\c@pgf@countc=\count109
\c@pgf@countd=\count110
\t@pgf@toka=\toks31
\t@pgf@tokb=\toks32
\t@pgf@tokc=\toks33
 ("C:\Program Files\MiKTeX 2.9\tex\generic\pgf\systemlayer\pgf.cfg"
File: pgf.cfg 2008/05/14  (rcs-revision 1.7)
)
Driver file for pgf: pgfsys-pdftex.def

("C:\Program Files\MiKTeX 2.9\tex\generic\pgf\systemlayer\pgfsys-pdftex.def"
File: pgfsys-pdftex.def 2013/07/18  (rcs-revision 1.33)

("C:\Program Files\MiKTeX 2.9\tex\generic\pgf\systemlayer\pgfsys-common-pdf.def
"
File: pgfsys-common-pdf.def 2013/10/10  (rcs-revision 1.13)
)))
("C:\Program Files\MiKTeX 2.9\tex\generic\pgf\systemlayer\pgfsyssoftpath.code.t
ex"
File: pgfsyssoftpath.code.tex 2013/09/09  (rcs-revision 1.9)
\pgfsyssoftpath@smallbuffer@items=\count111
\pgfsyssoftpath@bigbuffer@items=\count112
)
("C:\Program Files\MiKTeX 2.9\tex\generic\pgf\systemlayer\pgfsysprotocol.code.t
ex"
File: pgfsysprotocol.code.tex 2006/10/16  (rcs-revision 1.4)
)) ("C:\Program Files\MiKTeX 2.9\tex\generic\pgf\basiclayer\pgfcore.code.tex"
Package: pgfcore 2010/04/11 v3.0.0 (rcs-revision 1.7)
 ("C:\Program Files\MiKTeX 2.9\tex\generic\pgf\math\pgfmath.code.tex"
("C:\Program Files\MiKTeX 2.9\tex\generic\pgf\math\pgfmathcalc.code.tex"
("C:\Program Files\MiKTeX 2.9\tex\generic\pgf\math\pgfmathutil.code.tex")
("C:\Program Files\MiKTeX 2.9\tex\generic\pgf\math\pgfmathparser.code.tex"
\pgfmath@dimen=\dimen134
\pgfmath@count=\count113
\pgfmath@box=\box32
\pgfmath@toks=\toks34
\pgfmath@stack@operand=\toks35
\pgfmath@stack@operation=\toks36
)
("C:\Program Files\MiKTeX 2.9\tex\generic\pgf\math\pgfmathfunctions.code.tex"
("C:\Program Files\MiKTeX 2.9\tex\generic\pgf\math\pgfmathfunctions.basic.code.
tex")
("C:\Program Files\MiKTeX 2.9\tex\generic\pgf\math\pgfmathfunctions.trigonometr
ic.code.tex")
("C:\Program Files\MiKTeX 2.9\tex\generic\pgf\math\pgfmathfunctions.random.code
.tex")
("C:\Program Files\MiKTeX 2.9\tex\generic\pgf\math\pgfmathfunctions.comparison.
code.tex")
("C:\Program Files\MiKTeX 2.9\tex\generic\pgf\math\pgfmathfunctions.base.code.t
ex")
("C:\Program Files\MiKTeX 2.9\tex\generic\pgf\math\pgfmathfunctions.round.code.
tex")
("C:\Program Files\MiKTeX 2.9\tex\generic\pgf\math\pgfmathfunctions.misc.code.t
ex")
("C:\Program Files\MiKTeX 2.9\tex\generic\pgf\math\pgfmathfunctions.integerarit
hmetics.code.tex")))
("C:\Program Files\MiKTeX 2.9\tex\generic\pgf\math\pgfmathfloat.code.tex"
\c@pgfmathroundto@lastzeros=\count114
))
("C:\Program Files\MiKTeX 2.9\tex\generic\pgf\basiclayer\pgfcorepoints.code.tex
"
File: pgfcorepoints.code.tex 2013/10/07  (rcs-revision 1.27)
\pgf@picminx=\dimen135
\pgf@picmaxx=\dimen136
\pgf@picminy=\dimen137
\pgf@picmaxy=\dimen138
\pgf@pathminx=\dimen139
\pgf@pathmaxx=\dimen140
\pgf@pathminy=\dimen141
\pgf@pathmaxy=\dimen142
\pgf@xx=\dimen143
\pgf@xy=\dimen144
\pgf@yx=\dimen145
\pgf@yy=\dimen146
\pgf@zx=\dimen147
\pgf@zy=\dimen148
)
("C:\Program Files\MiKTeX 2.9\tex\generic\pgf\basiclayer\pgfcorepathconstruct.c
ode.tex"
File: pgfcorepathconstruct.code.tex 2013/10/07  (rcs-revision 1.29)
\pgf@path@lastx=\dimen149
\pgf@path@lasty=\dimen150
)
("C:\Program Files\MiKTeX 2.9\tex\generic\pgf\basiclayer\pgfcorepathusage.code.
tex"
File: pgfcorepathusage.code.tex 2013/12/13  (rcs-revision 1.23)
\pgf@shorten@end@additional=\dimen151
\pgf@shorten@start@additional=\dimen152
)
("C:\Program Files\MiKTeX 2.9\tex\generic\pgf\basiclayer\pgfcorescopes.code.tex
"
File: pgfcorescopes.code.tex 2013/10/09  (rcs-revision 1.44)
\pgfpic=\box33
\pgf@hbox=\box34
\pgf@layerbox@main=\box35
\pgf@picture@serial@count=\count115
)
("C:\Program Files\MiKTeX 2.9\tex\generic\pgf\basiclayer\pgfcoregraphicstate.co
de.tex"
File: pgfcoregraphicstate.code.tex 2013/09/19  (rcs-revision 1.11)
\pgflinewidth=\dimen153
)
("C:\Program Files\MiKTeX 2.9\tex\generic\pgf\basiclayer\pgfcoretransformations
.code.tex"
File: pgfcoretransformations.code.tex 2013/10/10  (rcs-revision 1.17)
\pgf@pt@x=\dimen154
\pgf@pt@y=\dimen155
\pgf@pt@temp=\dimen156
)
("C:\Program Files\MiKTeX 2.9\tex\generic\pgf\basiclayer\pgfcorequick.code.tex"
File: pgfcorequick.code.tex 2008/10/09  (rcs-revision 1.3)
)
("C:\Program Files\MiKTeX 2.9\tex\generic\pgf\basiclayer\pgfcoreobjects.code.te
x"
File: pgfcoreobjects.code.tex 2006/10/11  (rcs-revision 1.2)
)
("C:\Program Files\MiKTeX 2.9\tex\generic\pgf\basiclayer\pgfcorepathprocessing.
code.tex"
File: pgfcorepathprocessing.code.tex 2013/09/09  (rcs-revision 1.9)
)
("C:\Program Files\MiKTeX 2.9\tex\generic\pgf\basiclayer\pgfcorearrows.code.tex
"
File: pgfcorearrows.code.tex 2013/11/07  (rcs-revision 1.40)
\pgfarrowsep=\dimen157
)
("C:\Program Files\MiKTeX 2.9\tex\generic\pgf\basiclayer\pgfcoreshade.code.tex"
File: pgfcoreshade.code.tex 2013/07/15  (rcs-revision 1.15)
\pgf@max=\dimen158
\pgf@sys@shading@range@num=\count116
) ("C:\Program Files\MiKTeX 2.9\tex\generic\pgf\basiclayer\pgfcoreimage.code.te
x"
File: pgfcoreimage.code.tex 2013/07/15  (rcs-revision 1.18)

("C:\Program Files\MiKTeX 2.9\tex\generic\pgf\basiclayer\pgfcoreexternal.code.t
ex"
File: pgfcoreexternal.code.tex 2013/07/15  (rcs-revision 1.20)
\pgfexternal@startupbox=\box36
))
("C:\Program Files\MiKTeX 2.9\tex\generic\pgf\basiclayer\pgfcorelayers.code.tex
"
File: pgfcorelayers.code.tex 2013/07/18  (rcs-revision 1.7)
)
("C:\Program Files\MiKTeX 2.9\tex\generic\pgf\basiclayer\pgfcoretransparency.co
de.tex"
File: pgfcoretransparency.code.tex 2013/09/30  (rcs-revision 1.5)
)
("C:\Program Files\MiKTeX 2.9\tex\generic\pgf\basiclayer\pgfcorepatterns.code.t
ex"
File: pgfcorepatterns.code.tex 2013/11/07  (rcs-revision 1.5)
)))
("C:\Program Files\MiKTeX 2.9\tex\generic\pgf\modules\pgfmoduleshapes.code.tex"
File: pgfmoduleshapes.code.tex 2013/10/31  (rcs-revision 1.34)
\pgfnodeparttextbox=\box37
) ("C:\Program Files\MiKTeX 2.9\tex\generic\pgf\modules\pgfmoduleplot.code.tex"
File: pgfmoduleplot.code.tex 2013/07/31  (rcs-revision 1.12)
)
("C:\Program Files\MiKTeX 2.9\tex\latex\pgf\compatibility\pgfcomp-version-0-65.
sty"
Package: pgfcomp-version-0-65 2007/07/03 v3.0.0 (rcs-revision 1.7)
\pgf@nodesepstart=\dimen159
\pgf@nodesepend=\dimen160
)
("C:\Program Files\MiKTeX 2.9\tex\latex\pgf\compatibility\pgfcomp-version-1-18.
sty"
Package: pgfcomp-version-1-18 2007/07/23 v3.0.0 (rcs-revision 1.1)
)) ("C:\Program Files\MiKTeX 2.9\tex\latex\pgf\utilities\pgffor.sty"
("C:\Program Files\MiKTeX 2.9\tex\latex\pgf\utilities\pgfkeys.sty"
("C:\Program Files\MiKTeX 2.9\tex\generic\pgf\utilities\pgfkeys.code.tex"))
("C:\Program Files\MiKTeX 2.9\tex\latex\pgf\math\pgfmath.sty"
("C:\Program Files\MiKTeX 2.9\tex\generic\pgf\math\pgfmath.code.tex"))
("C:\Program Files\MiKTeX 2.9\tex\generic\pgf\utilities\pgffor.code.tex"
Package: pgffor 2013/12/13 v3.0.0 (rcs-revision 1.25)

("C:\Program Files\MiKTeX 2.9\tex\generic\pgf\math\pgfmath.code.tex")
\pgffor@iter=\dimen161
\pgffor@skip=\dimen162
\pgffor@stack=\toks37
\pgffor@toks=\toks38
))
("C:\Program Files\MiKTeX 2.9\tex\generic\pgf\frontendlayer\tikz\tikz.code.tex"
Package: tikz 2013/12/13 v3.0.0 (rcs-revision 1.142)

("C:\Program Files\MiKTeX 2.9\tex\generic\pgf\libraries\pgflibraryplothandlers.
code.tex"
File: pgflibraryplothandlers.code.tex 2013/08/31 v3.0.0 (rcs-revision 1.20)
\pgf@plot@mark@count=\count117
\pgfplotmarksize=\dimen163
)
\tikz@lastx=\dimen164
\tikz@lasty=\dimen165
\tikz@lastxsaved=\dimen166
\tikz@lastysaved=\dimen167
\tikzleveldistance=\dimen168
\tikzsiblingdistance=\dimen169
\tikz@figbox=\box38
\tikz@figbox@bg=\box39
\tikz@tempbox=\box40
\tikz@tempbox@bg=\box41
\tikztreelevel=\count118
\tikznumberofchildren=\count119
\tikznumberofcurrentchild=\count120
\tikz@fig@count=\count121

("C:\Program Files\MiKTeX 2.9\tex\generic\pgf\modules\pgfmodulematrix.code.tex"
File: pgfmodulematrix.code.tex 2013/09/17  (rcs-revision 1.8)
\pgfmatrixcurrentrow=\count122
\pgfmatrixcurrentcolumn=\count123
\pgf@matrix@numberofcolumns=\count124
)
\tikz@expandcount=\count125

("C:\Program Files\MiKTeX 2.9\tex\generic\pgf\frontendlayer\tikz\libraries\tikz
librarytopaths.code.tex"
File: tikzlibrarytopaths.code.tex 2008/06/17 v3.0.0 (rcs-revision 1.2)
)))
("C:\Program Files\MiKTeX 2.9\tex\generic\pgf\frontendlayer\tikz\libraries\tikz
librarypositioning.code.tex"
File: tikzlibrarypositioning.code.tex 2008/10/06 v3.0.0 (rcs-revision 1.7)
)
("C:\Program Files\MiKTeX 2.9\tex\latex\tools\calc.sty"
Package: calc 2007/08/22 v4.3 Infix arithmetic (KKT,FJ)
\calc@Acount=\count126
\calc@Bcount=\count127
\calc@Adimen=\dimen170
\calc@Bdimen=\dimen171
\calc@Askip=\skip46
\calc@Bskip=\skip47
LaTeX Info: Redefining \setlength on input line 76.
LaTeX Info: Redefining \addtolength on input line 77.
\calc@Ccount=\count128
\calc@Cskip=\skip48
)
\c@@todonotes@numberoftodonotes=\count129
)
("C:\Program Files\MiKTeX 2.9\tex\latex\tools\verbatim.sty"
Package: verbatim 2003/08/22 v1.5q LaTeX2e package for verbatim enhancements
\every@verbatim=\toks39
\verbatim@line=\toks40
\verbatim@in@stream=\read2
)
("C:\Program Files\MiKTeX 2.9\tex\latex\base\fontenc.sty"
Package: fontenc 2005/09/27 v1.99g Standard LaTeX package

("C:\Program Files\MiKTeX 2.9\tex\latex\base\t1enc.def"
File: t1enc.def 2005/09/27 v1.99g Standard LaTeX file
LaTeX Font Info:    Redeclaring font encoding T1 on input line 43.
))
("C:\Program Files\MiKTeX 2.9\tex\latex\listings\listings.sty"
\lst@mode=\count130
\lst@gtempboxa=\box42
\lst@token=\toks41
\lst@length=\count131
\lst@currlwidth=\dimen172
\lst@column=\count132
\lst@pos=\count133
\lst@lostspace=\dimen173
\lst@width=\dimen174
\lst@newlines=\count134
\lst@lineno=\count135
\lst@maxwidth=\dimen175

("C:\Program Files\MiKTeX 2.9\tex\latex\listings\lstmisc.sty"
File: lstmisc.sty 2015/06/04 1.6 (Carsten Heinz)
\c@lstnumber=\count136
\lst@skipnumbers=\count137
\lst@framebox=\box43
)
("C:\Program Files\MiKTeX 2.9\tex\latex\listings\listings.cfg"
File: listings.cfg 2015/06/04 1.6 listings configuration
))
Package: listings 2015/06/04 1.6 (Carsten Heinz)

("C:\Program Files\MiKTeX 2.9\tex\latex\hyperref\hyperref.sty"
Package: hyperref 2012/11/06 v6.83m Hypertext links for LaTeX

("C:\Program Files\MiKTeX 2.9\tex\generic\oberdiek\hobsub-hyperref.sty"
Package: hobsub-hyperref 2012/04/25 v1.12 Bundle oberdiek, subset hyperref (HO)


("C:\Program Files\MiKTeX 2.9\tex\generic\oberdiek\hobsub-generic.sty"
Package: hobsub-generic 2012/04/25 v1.12 Bundle oberdiek, subset generic (HO)
Package: hobsub 2012/04/25 v1.12 Construct package bundles (HO)
Package hobsub Info: Skipping package `infwarerr' (already loaded).
Package hobsub Info: Skipping package `ltxcmds' (already loaded).
Package: ifluatex 2010/03/01 v1.3 Provides the ifluatex switch (HO)
Package ifluatex Info: LuaTeX not detected.
Package: ifvtex 2010/03/01 v1.5 Detect VTeX and its facilities (HO)
Package ifvtex Info: VTeX not detected.
Package: intcalc 2007/09/27 v1.1 Expandable calculations with integers (HO)
Package: ifpdf 2011/01/30 v2.3 Provides the ifpdf switch (HO)
Package ifpdf Info: pdfTeX in PDF mode is detected.
Package: etexcmds 2011/02/16 v1.5 Avoid name clashes with e-TeX commands (HO)
Package etexcmds Info: Could not find \expanded.
(etexcmds)             That can mean that you are not using pdfTeX 1.50 or
(etexcmds)             that some package has redefined \expanded.
(etexcmds)             In the latter case, load this package earlier.
Package: kvsetkeys 2012/04/25 v1.16 Key value parser (HO)
Package: kvdefinekeys 2011/04/07 v1.3 Define keys (HO)
Package: pdftexcmds 2011/11/29 v0.20 Utility functions of pdfTeX for LuaTeX (HO
)
Package pdftexcmds Info: LuaTeX not detected.
Package pdftexcmds Info: \pdf@primitive is available.
Package pdftexcmds Info: \pdf@ifprimitive is available.
Package pdftexcmds Info: \pdfdraftmode found.
Package: pdfescape 2011/11/25 v1.13 Implements pdfTeX's escape features (HO)
Package: bigintcalc 2012/04/08 v1.3 Expandable calculations on big integers (HO
)
Package: bitset 2011/01/30 v1.1 Handle bit-vector datatype (HO)
Package: uniquecounter 2011/01/30 v1.2 Provide unlimited unique counter (HO)
)
Package hobsub Info: Skipping package `hobsub' (already loaded).
Package: letltxmacro 2010/09/02 v1.4 Let assignment for LaTeX macros (HO)
Package: hopatch 2011/06/24 v1.1 Wrapper for package hooks (HO)
Package: xcolor-patch 2011/01/30 xcolor patch
Package: atveryend 2011/06/30 v1.8 Hooks at the very end of document (HO)
Package atveryend Info: \enddocument detected (standard20110627).
Package: atbegshi 2011/10/05 v1.16 At begin shipout hook (HO)
Package: refcount 2011/10/16 v3.4 Data extraction from label references (HO)
Package: hycolor 2011/01/30 v1.7 Color options for hyperref/bookmark (HO)
)
("C:\Program Files\MiKTeX 2.9\tex\generic\ifxetex\ifxetex.sty"
Package: ifxetex 2010/09/12 v0.6 Provides ifxetex conditional
)
("C:\Program Files\MiKTeX 2.9\tex\latex\oberdiek\auxhook.sty"
Package: auxhook 2011/03/04 v1.3 Hooks for auxiliary files (HO)
)
("C:\Program Files\MiKTeX 2.9\tex\latex\oberdiek\kvoptions.sty"
Package: kvoptions 2011/06/30 v3.11 Key value format for package options (HO)
)
\@linkdim=\dimen176
\Hy@linkcounter=\count138
\Hy@pagecounter=\count139

("C:\Program Files\MiKTeX 2.9\tex\latex\hyperref\pd1enc.def"
File: pd1enc.def 2012/11/06 v6.83m Hyperref: PDFDocEncoding definition (HO)
Now handling font encoding PD1 ...
... no UTF-8 mapping file for font encoding PD1
)
\Hy@SavedSpaceFactor=\count140

("C:\Program Files\MiKTeX 2.9\tex\latex\00miktex\hyperref.cfg"
File: hyperref.cfg 2002/06/06 v1.2 hyperref configuration of TeXLive
)
Package hyperref Info: Hyper figures OFF on input line 4443.
Package hyperref Info: Link nesting OFF on input line 4448.
Package hyperref Info: Hyper index ON on input line 4451.
Package hyperref Info: Plain pages OFF on input line 4458.
Package hyperref Info: Backreferencing OFF on input line 4463.
Package hyperref Info: Implicit mode ON; LaTeX internals redefined.
Package hyperref Info: Bookmarks ON on input line 4688.
\c@Hy@tempcnt=\count141
LaTeX Info: Redefining \url on input line 5041.
\XeTeXLinkMargin=\dimen177
\Fld@menulength=\count142
\Field@Width=\dimen178
\Fld@charsize=\dimen179
Package hyperref Info: Hyper figures OFF on input line 6295.
Package hyperref Info: Link nesting OFF on input line 6300.
Package hyperref Info: Hyper index ON on input line 6303.
Package hyperref Info: backreferencing OFF on input line 6310.
Package hyperref Info: Link coloring OFF on input line 6315.
Package hyperref Info: Link coloring with OCG OFF on input line 6320.
Package hyperref Info: PDF/A mode OFF on input line 6325.
LaTeX Info: Redefining \ref on input line 6365.
LaTeX Info: Redefining \pageref on input line 6369.
\Hy@abspage=\count143
\c@Item=\count144
\c@Hfootnote=\count145
)

Package hyperref Message: Driver (autodetected): hpdftex.

("C:\Program Files\MiKTeX 2.9\tex\latex\hyperref\hpdftex.def"
File: hpdftex.def 2012/11/06 v6.83m Hyperref driver for pdfTeX
\Fld@listcount=\count146
\c@bookmark@seq@number=\count147

("C:\Program Files\MiKTeX 2.9\tex\latex\oberdiek\rerunfilecheck.sty"
Package: rerunfilecheck 2011/04/15 v1.7 Rerun checks for auxiliary files (HO)
Package uniquecounter Info: New unique counter `rerunfilecheck' on input line 2
82.
)
\Hy@SectionHShift=\skip49
)
Package hyperref Info: Option `colorlinks' set `true' on input line 17.

("C:\Program Files\MiKTeX 2.9\tex\latex\cleveref\cleveref.sty"
Package: cleveref 2013/12/28 v0.19 Intelligent cross-referencing
Package cleveref Info: `hyperref' support loaded on input line 2230.
LaTeX Info: Redefining \cref on input line 2230.
LaTeX Info: Redefining \Cref on input line 2230.
LaTeX Info: Redefining \crefrange on input line 2230.
LaTeX Info: Redefining \Crefrange on input line 2230.
LaTeX Info: Redefining \cpageref on input line 2230.
LaTeX Info: Redefining \Cpageref on input line 2230.
LaTeX Info: Redefining \cpagerefrange on input line 2230.
LaTeX Info: Redefining \Cpagerefrange on input line 2230.
LaTeX Info: Redefining \labelcref on input line 2230.
LaTeX Info: Redefining \labelcpageref on input line 2230.
Package cleveref Info: `listings' support loaded on input line 2950.
)
("C:\Program Files\MiKTeX 2.9\tex\latex\multirow\multirow.sty"
\bigstrutjot=\dimen180
)
("C:\Program Files\MiKTeX 2.9\tex\latex\tools\longtable.sty"
Package: longtable 2004/02/01 v4.11 Multi-page Table package (DPC)
\LTleft=\skip50
\LTright=\skip51
\LTpre=\skip52
\LTpost=\skip53
\LTchunksize=\count148
\LTcapwidth=\dimen181
\LT@head=\box44
\LT@firsthead=\box45
\LT@foot=\box46
\LT@lastfoot=\box47
\LT@cols=\count149
\LT@rows=\count150
\c@LT@tables=\count151
\c@LT@chunks=\count152
\LT@p@ftn=\toks42
)
("C:\Program Files\MiKTeX 2.9\tex\latex\listings\lstlang1.sty"
File: lstlang1.sty 2015/06/04 1.6 listings language file
)
\c@reqCounter=\count153
\c@ucCounter=\count154

(C:\Users\Karim\Dropbox\BO\workspace\GreenMirror\report\main.aux)
LaTeX Font Info:    Checking defaults for OML/cmm/m/it on input line 80.
LaTeX Font Info:    ... okay on input line 80.
LaTeX Font Info:    Checking defaults for T1/cmr/m/n on input line 80.
LaTeX Font Info:    ... okay on input line 80.
LaTeX Font Info:    Checking defaults for OT1/cmr/m/n on input line 80.
LaTeX Font Info:    ... okay on input line 80.
LaTeX Font Info:    Checking defaults for OMS/cmsy/m/n on input line 80.
LaTeX Font Info:    ... okay on input line 80.
LaTeX Font Info:    Checking defaults for OMX/cmex/m/n on input line 80.
LaTeX Font Info:    ... okay on input line 80.
LaTeX Font Info:    Checking defaults for U/cmr/m/n on input line 80.
LaTeX Font Info:    ... okay on input line 80.
LaTeX Font Info:    Checking defaults for PD1/pdf/m/n on input line 80.
LaTeX Font Info:    ... okay on input line 80.

("C:\Program Files\MiKTeX 2.9\tex\context\base\supp-pdf.mkii"
[Loading MPS to PDF converter (version 2006.09.02).]
\scratchcounter=\count155
\scratchdimen=\dimen182
\scratchbox=\box48
\nofMPsegments=\count156
\nofMParguments=\count157
\everyMPshowfont=\toks43
\MPscratchCnt=\count158
\MPscratchDim=\dimen183
\MPnumerator=\count159
\makeMPintoPDFobject=\count160
\everyMPtoPDFconversion=\toks44
)
Package caption Info: Begin \AtBeginDocument code.
Package caption Info: hyperref package is loaded.
Package caption Info: listings package is loaded.
Package caption Info: longtable package is loaded.
 ("C:\Program Files\MiKTeX 2.9\tex\latex\caption\ltcaption.sty"
Package: ltcaption 2013/02/03 v1.3-62 longtable captions (AR)
)
Package caption Info: End \AtBeginDocument code.

ABD: EveryShipout initializing macros
\c@lstlisting=\count161
\AtBeginShipoutBox=\box49
Package hyperref Info: Link coloring ON on input line 80.

("C:\Program Files\MiKTeX 2.9\tex\latex\hyperref\nameref.sty"
Package: nameref 2012/10/27 v2.43 Cross-referencing by name of section

("C:\Program Files\MiKTeX 2.9\tex\generic\oberdiek\gettitlestring.sty"
Package: gettitlestring 2010/12/03 v1.4 Cleanup title references (HO)
)
\c@section@level=\count162
)
LaTeX Info: Redefining \ref on input line 80.
LaTeX Info: Redefining \pageref on input line 80.
LaTeX Info: Redefining \nameref on input line 80.

(C:\Users\Karim\Dropbox\BO\workspace\GreenMirror\report\main.out)
(C:\Users\Karim\Dropbox\BO\workspace\GreenMirror\report\main.out)
\@outlinefile=\write4
LaTeX Font Info:    Try loading font information for T1+cmtt on input line 83.

("C:\Program Files\MiKTeX 2.9\tex\latex\base\t1cmtt.fd"
File: t1cmtt.fd 1999/05/25 v2.5h Standard LaTeX font definitions
) [1

{C:/ProgramData/MiKTeX/2.9/pdftex/config/pdftex.map}]
(C:\Users\Karim\Dropbox\BO\workspace\GreenMirror\report\main.toc [2])
\tf@toc=\write5
 [3]
(C:\Users\Karim\Dropbox\BO\workspace\GreenMirror\report\introduction.tex
[4] [5] [6] [7]) [8]
(C:\Users\Karim\Dropbox\BO\workspace\GreenMirror\report\ferryman.tex
<images/groove_ferryman_start.png, id=282, 310.91156pt x 159.59625pt>
File: images/groove_ferryman_start.png Graphic file (type png)

<use images/groove_ferryman_start.png>
Package pdftex.def Info: images/groove_ferryman_start.png used on input line 13
.
(pdftex.def)             Requested size: 310.91078pt x 159.59584pt.

<images/groove_ferryman_rule_load.png, id=283, 130.98938pt x 84.315pt>
File: images/groove_ferryman_rule_load.png Graphic file (type png)

<use images/groove_ferryman_rule_load.png>
Package pdftex.def Info: images/groove_ferryman_rule_load.png used on input lin
e 19.
(pdftex.def)             Requested size: 130.98904pt x 84.31477pt.

Overfull \hbox (5.80678pt too wide) in paragraph at lines 19--20
[][] 
 []

<images/groove_ferryman_rule_cross.png, id=284, 120.45pt x 75.28125pt>
File: images/groove_ferryman_rule_cross.png Graphic file (type png)

<use images/groove_ferryman_rule_cross.png>
Package pdftex.def Info: images/groove_ferryman_rule_cross.png used on input li
ne 25.
(pdftex.def)             Requested size: 120.44969pt x 75.28105pt.

<images/groove_ferryman_rule_unload.png, id=285, 124.96687pt x 77.53969pt>
File: images/groove_ferryman_rule_unload.png Graphic file (type png)

<use images/groove_ferryman_rule_unload.png>
Package pdftex.def Info: images/groove_ferryman_rule_unload.png used on input l
ine 31.
(pdftex.def)             Requested size: 124.96657pt x 77.53947pt.


LaTeX Warning: `h' float specifier changed to `ht'.

<images/groove_ferryman_statespace.png, id=287, 944.02687pt x 170.13562pt>
File: images/groove_ferryman_statespace.png Graphic file (type png)

<use images/groove_ferryman_statespace.png>
Package pdftex.def Info: images/groove_ferryman_statespace.png used on input li
ne 39.
(pdftex.def)             Requested size: 417.26999pt x 75.20258pt.


LaTeX Warning: `h' float specifier changed to `ht'.

[9 <C:/Users/Karim/Dropbox/BO/workspace/GreenMirror/report/images/groove_ferrym
an_start.png>]
(C:\Users\Karim\Dropbox\BO\workspace\GreenMirror\report\code/ferryman.java
[10 <C:/Users/Karim/Dropbox/BO/workspace/GreenMirror/report/images/groove_ferry
man_rule_load.png> <C:/Users/Karim/Dropbox/BO/workspace/GreenMirror/report/imag
es/groove_ferryman_rule_cross.png> <C:/Users/Karim/Dropbox/BO/workspace/GreenMi
rror/report/images/groove_ferryman_rule_unload.png> <C:/Users/Karim/Dropbox/BO/
workspace/GreenMirror/report/images/groove_ferryman_statespace.png>]) [11]
(C:\Users\Karim\Dropbox\BO\workspace\GreenMirror\report\code/ferryman.trace.txt
)

Package wrapfig Warning: wrapfigure used inside a conflicting environment on in
put line 47.

<images/greenmirror_ferryman.png, id=399, 388.45125pt x 277.78781pt>
File: images/greenmirror_ferryman.png Graphic file (type png)

<use images/greenmirror_ferryman.png>
Package pdftex.def Info: images/greenmirror_ferryman.png used on input line 49.

(pdftex.def)             Requested size: 158.56462pt x 113.39355pt.
) [12 <C:/Users/Karim/Dropbox/BO/workspace/GreenMirror/report/images/greenmirro
r_ferryman.png>]
(C:\Users\Karim\Dropbox\BO\workspace\GreenMirror\report\features.tex
LaTeX Font Info:    Try loading font information for OMS+cmr on input line 9.

("C:\Program Files\MiKTeX 2.9\tex\latex\base\omscmr.fd"
File: omscmr.fd 1999/05/25 v2.5h Standard LaTeX font definitions
)
LaTeX Font Info:    Font shape `OMS/cmr/m/n' in size <8> not available
(Font)              Font shape `OMS/cmsy/m/n' tried instead on input line 9.
 [13]
LaTeX Font Info:    Font shape `OMS/cmr/m/n' in size <10> not available
(Font)              Font shape `OMS/cmsy/m/n' tried instead on input line 17.
LaTeX Font Info:    Font shape `T1/cmtt/bx/n' in size <10> not available
(Font)              Font shape `T1/cmtt/m/n' tried instead on input line 27.
 [14]
<images/placements.png, id=458, 109.1578pt x 109.1578pt>
File: images/placements.png Graphic file (type png)

<use images/placements.png>
Package pdftex.def Info: images/placements.png used on input line 36.
(pdftex.def)             Requested size: 109.15753pt x 109.15753pt.

Overfull \hbox (26.63445pt too wide) in alignment at lines 43--72
 [] [] [] 
 []


Overfull \hbox (26.63445pt too wide) in alignment at lines 72--74
 [] [] [] 
 []

[15 <C:/Users/Karim/Dropbox/BO/workspace/GreenMirror/report/images/placements.p
ng>]
Overfull \hbox (7.39609pt too wide) in alignment at lines 76--103
 [] [] [] 
 []


Overfull \hbox (7.39609pt too wide) in alignment at lines 103--126
 [] [] [] 
 []

[16] <images/log.png, id=477, 614.295pt x 217.5628pt>
File: images/log.png Graphic file (type png)
 <use images/log.png>
Package pdftex.def Info: images/log.png used on input line 131.
(pdftex.def)             Requested size: 396.40521pt x 140.39499pt.

[17]
LaTeX Font Info:    Font shape `T1/cmtt/bx/n' in size <12> not available
(Font)              Font shape `T1/cmtt/m/n' tried instead on input line 136.
 <images/grid.png, id=482, 135.50626pt x 135.50626pt>
File: images/grid.png Graphic file (type png)

<use images/grid.png>
Package pdftex.def Info: images/grid.png used on input line 139.
(pdftex.def)             Requested size: 95.9703pt x 95.97438pt.


Package wrapfig Warning: wrapfigure used inside a conflicting environment on in
put line 144.


Package wrapfig Warning: wrapfigure used inside a conflicting environment on in
put line 144.


Package wrapfig Warning: wrapfigure used inside a conflicting environment on in
put line 144.


Package wrapfig Warning: wrapfigure used inside a conflicting environment on in
put line 144.

) [18 <C:/Users/Karim/Dropbox/BO/workspace/GreenMirror/report/images/log.png> <
C:/Users/Karim/Dropbox/BO/workspace/GreenMirror/report/images/grid.png>]
(C:\Users\Karim\Dropbox\BO\workspace\GreenMirror\report\design.tex
<diagrams/AD_generalworkflow.png, id=519, 693.0693pt x 558.6471pt>
File: diagrams/AD_generalworkflow.png Graphic file (type png)

<use diagrams/AD_generalworkflow.png>
Package pdftex.def Info: diagrams/AD_generalworkflow.png used on input line 26.

(pdftex.def)             Requested size: 417.26999pt x 336.34161pt.


LaTeX Warning: `h' float specifier changed to `ht'.

[19] [20 <C:/Users/Karim/Dropbox/BO/workspace/GreenMirror/report/diagrams/AD_ge
neralworkflow.png>]
<diagrams/SD_client_host.png, id=541, 205.2468pt x 140.2038pt>
File: diagrams/SD_client_host.png Graphic file (type png)

<use diagrams/SD_client_host.png>
Package pdftex.def Info: diagrams/SD_client_host.png used on input line 36.
(pdftex.def)             Requested size: 150.21744pt x 102.61746pt.


Package wrapfig Warning: wrapfigure used inside a conflicting environment on in
put line 41.


Package wrapfig Warning: wrapfigure used inside a conflicting environment on in
put line 41.


Package wrapfig Warning: wrapfigure used inside a conflicting environment on in
put line 41.


Package wrapfig Warning: wrapfigure used inside a conflicting environment on in
put line 41.


Package wrapfig Warning: wrapfigure used inside a conflicting environment on in
put line 41.


Package wrapfig Warning: wrapfigure used inside a conflicting environment on in
put line 41.


Package wrapfig Warning: wrapfigure used inside a conflicting environment on in
put line 41.


Package wrapfig Warning: wrapfigure used inside a conflicting environment on in
put line 41.


Package wrapfig Warning: wrapfigure used inside a conflicting environment on in
put line 41.


Package wrapfig Warning: wrapfigure used inside a conflicting environment on in
put line 41.


Package wrapfig Warning: wrapfigure used inside a conflicting environment on in
put line 41.


Package wrapfig Warning: wrapfigure used inside a conflicting environment on in
put line 41.


Package wrapfig Warning: wrapfigure used inside a conflicting environment on in
put line 42.


Package wrapfig Warning: wrapfigure used inside a conflicting environment on in
put line 42.


Package wrapfig Warning: wrapfigure used inside a conflicting environment on in
put line 42.


Package wrapfig Warning: wrapfigure used inside a conflicting environment on in
put line 42.


Package wrapfig Warning: wrapfigure used inside a conflicting environment on in
put line 42.


Package wrapfig Warning: wrapfigure used inside a conflicting environment on in
put line 42.


Package wrapfig Warning: wrapfigure used inside a conflicting environment on in
put line 42.


Package wrapfig Warning: wrapfigure used inside a conflicting environment on in
put line 42.


Package wrapfig Warning: wrapfigure used inside a conflicting environment on in
put line 42.


Package wrapfig Warning: wrapfigure used inside a conflicting environment on in
put line 42.


Package wrapfig Warning: wrapfigure used inside a conflicting environment on in
put line 42.


Package wrapfig Warning: wrapfigure used inside a conflicting environment on in
put line 42.


Package wrapfig Warning: wrapfigure used inside a conflicting environment on in
put line 42.


Package wrapfig Warning: wrapfigure used inside a conflicting environment on in
put line 42.


Package wrapfig Warning: wrapfigure used inside a conflicting environment on in
put line 42.


Package wrapfig Warning: wrapfigure used inside a conflicting environment on in
put line 42.

<diagrams/SD_server_receivecommand.png, id=548, 347.6187pt x 242.1045pt>
File: diagrams/SD_server_receivecommand.png Graphic file (type png)

<use diagrams/SD_server_receivecommand.png>
Package pdftex.def Info: diagrams/SD_server_receivecommand.png used on input li
ne 46.
(pdftex.def)             Requested size: 250.36453pt x 174.3742pt.
 [21 <C:/Users/Karim/Dropbox/BO/workspace/GreenMirror/report/diagrams/SD_client
_host.png>] [22 <C:/Users/Karim/Dropbox/BO/workspace/GreenMirror/report/diagram
s/SD_server_receivecommand.png>]
(C:\Users\Karim\Dropbox\BO\workspace\GreenMirror\report\code/example.java)
<images/groovyexample.png, id=571, 377.91188pt x 202.50656pt>
File: images/groovyexample.png Graphic file (type png)

<use images/groovyexample.png>
Package pdftex.def Info: images/groovyexample.png used on input line 69.
(pdftex.def)             Requested size: 377.91095pt x 202.50604pt.
 [23] [24 <C:/Users/Karim/Dropbox/BO/workspace/GreenMirror/report/images/groovy
example.png>]
Overfull \hbox (1.86252pt too wide) in alignment at lines 82--101
 [] [] 
 []


Underfull \hbox (badness 10000) in paragraph at lines 105--105
[]|\T1/cmtt/m/n/10 CommandHandler\T1/cmr/m/n/10 , \T1/cmtt/m/n/10 CommandLineOp
tionHandler\T1/cmr/m/n/10 , \T1/cmtt/m/n/10 FxWrapper\T1/cmr/m/n/10 ,
 []


Underfull \hbox (badness 1221) in paragraph at lines 105--106
\T1/cmr/m/n/10 im-ple-men-ta-tion has its own \T1/cmtt/m/n/10 executeInitialize
r() \T1/cmr/m/n/10 method
 []


Underfull \hbox (badness 1521) in paragraph at lines 105--106
\T1/cmr/m/n/10 that ini-tial-izes the user's model in its own way. Which
 []


Overfull \hbox (1.86252pt too wide) in alignment at lines 101--107
 [] [] 
 []

[25] <diagrams/smd_playbackstates.png, id=638, 514.5624pt x 138.7584pt>
File: diagrams/smd_playbackstates.png Graphic file (type png)

<use diagrams/smd_playbackstates.png>
Package pdftex.def Info: diagrams/smd_playbackstates.png used on input line 110
.
(pdftex.def)             Requested size: 417.26999pt x 112.52707pt.
 [26 <C:/Users/Karim/Dropbox/BO/workspace/GreenMirror/report/diagrams/smd_playb
ackstates.png>]
<diagrams/transitiontree.png, id=648, 231.86626pt x 213.04594pt>
File: diagrams/transitiontree.png Graphic file (type png)

<use diagrams/transitiontree.png>
Package pdftex.def Info: diagrams/transitiontree.png used on input line 127.
(pdftex.def)             Requested size: 150.21744pt x 138.02635pt.


Package wrapfig Warning: wrapfigure used inside a conflicting environment on in
put line 133.


Package wrapfig Warning: wrapfigure used inside a conflicting environment on in
put line 133.


Package wrapfig Warning: wrapfigure used inside a conflicting environment on in
put line 133.


Package wrapfig Warning: wrapfigure used inside a conflicting environment on in
put line 133.


Package wrapfig Warning: wrapfigure used inside a conflicting environment on in
put line 133.


Package wrapfig Warning: wrapfigure used inside a conflicting environment on in
put line 133.


Package wrapfig Warning: wrapfigure used inside a conflicting environment on in
put line 133.


Package wrapfig Warning: wrapfigure used inside a conflicting environment on in
put line 133.


Package wrapfig Warning: wrapfigure used inside a conflicting environment on in
put line 133.


Package wrapfig Warning: wrapfigure used inside a conflicting environment on in
put line 133.


Package wrapfig Warning: wrapfigure used inside a conflicting environment on in
put line 134.


Package wrapfig Warning: wrapfigure used inside a conflicting environment on in
put line 134.


Package wrapfig Warning: wrapfigure used inside a conflicting environment on in
put line 134.


Package wrapfig Warning: wrapfigure used inside a conflicting environment on in
put line 134.


Package wrapfig Warning: wrapfigure used inside a conflicting environment on in
put line 134.


Package wrapfig Warning: wrapfigure used inside a conflicting environment on in
put line 134.


Package wrapfig Warning: wrapfigure used inside a conflicting environment on in
put line 134.


Package wrapfig Warning: wrapfigure used inside a conflicting environment on in
put line 134.


Package wrapfig Warning: wrapfigure used inside a conflicting environment on in
put line 134.


Package wrapfig Warning: wrapfigure used inside a conflicting environment on in
put line 134.


Package wrapfig Warning: wrapfigure used inside a conflicting environment on in
put line 134.


Package wrapfig Warning: wrapfigure used inside a conflicting environment on in
put line 134.


Package wrapfig Warning: wrapfigure used inside a conflicting environment on in
put line 134.


Package wrapfig Warning: wrapfigure used inside a conflicting environment on in
put line 134.


Package wrapfig Warning: wrapfigure used inside a conflicting environment on in
put line 134.


Package wrapfig Warning: wrapfigure used inside a conflicting environment on in
put line 134.

[27 <C:/Users/Karim/Dropbox/BO/workspace/GreenMirror/report/diagrams/transition
tree.png>]) [28]
(C:\Users\Karim\Dropbox\BO\workspace\GreenMirror\report\validation.tex [29]
Underfull \hbox (badness 10000) in paragraph at lines 27--27
[]|\T1/cmr/bx/n/10 lines
 []


Underfull \hbox (badness 10000) in paragraph at lines 27--27
\T1/cmr/bx/n/10 of
 []


Underfull \hbox (badness 10000) in paragraph at lines 28--28
[]|\T1/cmr/bx/n/10 trace
 []


Overfull \hbox (3.00485pt too wide) in paragraph at lines 28--28
\T1/cmr/bx/n/10 length| 
 []


Underfull \hbox (badness 10000) in paragraph at lines 29--29
[]|\T1/cmr/bx/n/10 init.
 []


Underfull \hbox (badness 1681) in paragraph at lines 32--33
\T1/cmr/m/n/10 an-gle FX types, cir-cle FX types, text
 []


Underfull \hbox (badness 6032) in paragraph at lines 32--33
\T1/cmr/m/n/10 FX types, node grid gen-er-ated with
 []


Overfull \hbox (9.46187pt too wide) in alignment at lines 24--34
 [] [] [] [] [] 
 []

<images/connectfour.png, id=682, 463.7325pt x 526.21594pt>
File: images/connectfour.png Graphic file (type png)

<use images/connectfour.png>
Package pdftex.def Info: images/connectfour.png used on input line 38.
(pdftex.def)             Requested size: 221.15257pt x 250.95082pt.

<images/phil.png, id=683, 388.45125pt x 338.01282pt>
File: images/phil.png Graphic file (type png)
 <use images/phil.png>
Package pdftex.def Info: images/phil.png used on input line 43.
(pdftex.def)             Requested size: 183.59981pt x 159.76347pt.


LaTeX Warning: `h' float specifier changed to `ht'.

[30] [31 <C:/Users/Karim/Dropbox/BO/workspace/GreenMirror/report/images/connect
four.png> <C:/Users/Karim/Dropbox/BO/workspace/GreenMirror/report/images/phil.p
ng>]) [32]
(C:\Users\Karim\Dropbox\BO\workspace\GreenMirror\report\discussion.tex
Underfull \hbox (badness 10000) in paragraph at lines 10--12

 []


Underfull \hbox (badness 10000) in paragraph at lines 10--12

 []

[33]) (C:\Users\Karim\Dropbox\BO\workspace\GreenMirror\report\main.bbl)
[34] (C:\Users\Karim\Dropbox\BO\workspace\GreenMirror\report\app_services.tex
[35]
Overfull \hbox (7.59514pt too wide) in paragraph at lines 33--34
\T1/cmr/m/n/10 try to the [][][][] con-stant of the [][][][][][][][][][][][][]
 []

[36]) [37]
(C:\Users\Karim\Dropbox\BO\workspace\GreenMirror\report\app_seqdiagrams.tex
<diagrams/SD_generalstartup.png, id=806, 511.6716pt x 585.387pt>
File: diagrams/SD_generalstartup.png Graphic file (type png)

<use diagrams/SD_generalstartup.png>
Package pdftex.def Info: diagrams/SD_generalstartup.png used on input line 5.
(pdftex.def)             Requested size: 400.58199pt x 458.29715pt.

<diagrams/SD_client_model.png, id=807, 470.4777pt x 512.3943pt>
File: diagrams/SD_client_model.png Graphic file (type png)

<use diagrams/SD_client_model.png>
Package pdftex.def Info: diagrams/SD_client_model.png used on input line 10.
(pdftex.def)             Requested size: 458.99953pt x 499.89908pt.

Overfull \hbox (41.72954pt too wide) in paragraph at lines 10--11
 [][] 
 []

<diagrams/SD_client_trace.png, id=808, 427.1157pt x 463.9734pt>
File: diagrams/SD_client_trace.png Graphic file (type png)

<use diagrams/SD_client_trace.png>
Package pdftex.def Info: diagrams/SD_client_trace.png used on input line 15.
(pdftex.def)             Requested size: 458.99953pt x 498.62717pt.

Overfull \hbox (41.72954pt too wide) in paragraph at lines 15--16
 [][] 
 []

<diagrams/SD_server_userinteraction.png, id=809, 468.3096pt x 518.8986pt>
File: diagrams/SD_server_userinteraction.png Graphic file (type png)

<use diagrams/SD_server_userinteraction.png>
Package pdftex.def Info: diagrams/SD_server_userinteraction.png used on input l
ine 20.
(pdftex.def)             Requested size: 458.99953pt x 508.61217pt.

Overfull \hbox (41.72954pt too wide) in paragraph at lines 20--21
 [][] 
 []

) [38 <C:/Users/Karim/Dropbox/BO/workspace/GreenMirror/report/diagrams/SD_gener
alstartup.png>]
Package atveryend Info: Empty hook `BeforeClearDocument' on input line 111.
 [39 <C:/Users/Karim/Dropbox/BO/workspace/GreenMirror/report/diagrams/SD_client
_model.png>] [40 <C:/Users/Karim/Dropbox/BO/workspace/GreenMirror/report/diagra
ms/SD_client_trace.png>] [41 <C:/Users/Karim/Dropbox/BO/workspace/GreenMirror/r
eport/diagrams/SD_server_userinteraction.png>]
Package atveryend Info: Empty hook `AfterLastShipout' on input line 111.

(C:\Users\Karim\Dropbox\BO\workspace\GreenMirror\report\main.aux)
Package atveryend Info: Executing hook `AtVeryEndDocument' on input line 111.
Package atveryend Info: Executing hook `AtEndAfterFileList' on input line 111.
Package rerunfilecheck Info: File `main.out' has not changed.
(rerunfilecheck)             Checksum: 8DF1B309A13301D260AABA3F4B674EED;2259.
Package atveryend Info: Empty hook `AtVeryVeryEnd' on input line 111.
 ) 
Here is how much of TeX's memory you used:
 21900 strings out of 493921
 401169 string characters out of 3147282
 685925 words of memory out of 3000000
 24457 multiletter control sequences out of 15000+200000
 19825 words of font info for 46 fonts, out of 3000000 for 9000
 841 hyphenation exceptions out of 8191
 62i,11n,85p,1577b,1976s stack positions out of 5000i,500n,10000p,200000b,50000s
pdfTeX warning (dest): name{Hfootnote.2} has been referenced but does not exi
st, replaced by a fixed one

 <C:\Users\Karim\AppData\Local\MiKTeX\2.9\fonts\pk\ljfour\jknappen\ec\dpi600\ec
rm0800.pk> <C:\Users\Karim\AppData\Local\MiKTeX\2.9\fonts\pk\ljfour\jknappen\ec
\dpi600\ecrm0500.pk> <C:\Users\Karim\AppData\Local\MiKTeX\2.9\fonts\pk\ljfour\j
knappen\ec\dpi600\ecbi1000.pk> <C:\Users\Karim\AppData\Local\MiKTeX\2.9\fonts\p
k\ljfour\jknappen\ec\dpi600\ectt0800.pk> <C:\Users\Karim\AppData\Local\MiKTeX\2
.9\fonts\pk\ljfour\jknappen\ec\dpi600\ecrm0600.pk> <C:\Users\Karim\AppData\Loca
l\MiKTeX\2.9\fonts\pk\ljfour\jknappen\ec\dpi600\ecrm0700.pk> <C:\Users\Karim\Ap
pData\Local\MiKTeX\2.9\fonts\pk\ljfour\jknappen\ec\dpi600\ecti1000.pk> <C:\User
s\Karim\AppData\Local\MiKTeX\2.9\fonts\pk\ljfour\jknappen\ec\dpi600\ecbx1200.pk
> <C:\Users\Karim\AppData\Local\MiKTeX\2.9\fonts\pk\ljfour\jknappen\ec\dpi600\e
ctt1000.pk> <C:\Users\Karim\AppData\Local\MiKTeX\2.9\fonts\pk\ljfour\jknappen\e
c\dpi600\ecbx1000.pk> <C:\Users\Karim\AppData\Local\MiKTeX\2.9\fonts\pk\ljfour\
jknappen\ec\dpi600\ecbx1440.pk> <C:\Users\Karim\AppData\Local\MiKTeX\2.9\fonts\
pk\ljfour\jknappen\ec\dpi600\ecrm1000.pk> <C:\Users\Karim\AppData\Local\MiKTeX\
2.9\fonts\pk\ljfour\jknappen\ec\dpi600\ecrm0900.pk> <C:\Users\Karim\AppData\Loc
al\MiKTeX\2.9\fonts\pk\ljfour\jknappen\ec\dpi600\ecbx0900.pk> <C:\Users\Karim\A
ppData\Local\MiKTeX\2.9\fonts\pk\ljfour\jknappen\ec\dpi600\ectt1200.pk> <C:\Use
rs\Karim\AppData\Local\MiKTeX\2.9\fonts\pk\ljfour\jknappen\ec\dpi600\ecrm1200.p
k> <C:\Users\Karim\AppData\Local\MiKTeX\2.9\fonts\pk\ljfour\jknappen\ec\dpi600\
ecrm1728.pk><C:/Program Files/MiKTeX 2.9/fonts/type1/public/amsfonts/cm/cmsy10.
pfb><C:/Program Files/MiKTeX 2.9/fonts/type1/public/amsfonts/cm/cmsy8.pfb>
Output written on main.pdf (41 pages, 1334691 bytes).
PDF statistics:
 1576 PDF objects out of 1728 (max. 8388607)
 321 named destinations out of 1000 (max. 500000)
 398 words of extra memory for PDF output out of 10000 (max. 10000000)

